21:03:29.856 WARN - It looks like your baseUrl (file:////Users/jbm/Sites/onlinepublisher/In2iGui/tools/funcunit/demo/funcunit.html) is pointing to a file, not a directory (it doesn't end with a /).  We're going to have to strip off the last part of the pathname.
ersion Jetty/5.1.x
21:02:54.237 INFO - Started HttpContext[/selenium-server/driver,/selenium-server/driver]
21:02:54.238 INFO - Started HttpContext[/selenium-server,/selenium-server]
21:02:54.238 INFO - Started HttpContext[/,/]
21:02:54.341 INFO - Started org.openqa.jetty.jetty.servlet.ServletHandler@664883c
21:02:54.341 INFO - Started HttpContext[/wd,/wd]
21:02:54.348 INFO - Started SocketListener on 0.0.0.0:4444
21:02:54.348 INFO - Started org.openqa.jetty.jetty.Server@56406199
21:03:29.820 INFO - Checking Resource aliases
21:03:29.826 INFO - Checking Resource aliases
21:03:29.830 INFO - Command request: getNewBrowserSession[*firefox, file:////Users/jbm/Sites/onlinepublisher/In2iGui/tools/funcunit/demo/funcunit.html, ] on session null
21:03:29.833 INFO - creating new remote session
21:03:29.855 INFO - Allocated session 797922f790bb46af80f54679bd6e4f11 for file:////Users/jbm/Sites/onlinepublisher/In2iGui/tools/funcunit/demo/funcunit.html, launching...
21:03:29.943 INFO - Preparing Firefox profile...
21:03:33.587 INFO - Launching Firefox...
21:03:36.549 INFO - Got result: OK,797922f790bb46af80f54679bd6e4f11 on session 797922f790bb46af80f54679bd6e4f11
21:03:36.949 INFO - Command request: open[myapp.html, ] on session 797922f790bb46af80f54679bd6e4f11
21:03:37.071 INFO - Got result: OK on session 797922f790bb46af80f54679bd6e4f11
21:03:38.074 INFO - Command request: getEval[selenium.browserbot.getCurrentWindow().focus();selenium.browserbot.getCurrentWindow().document.documentElement.tabIndex = 0;, ] on session 797922f790bb46af80f54679bd6e4f11
21:03:38.091 INFO - Got result: OK,0 on session 797922f790bb46af80f54679bd6e4f11
21:03:38.121 INFO - Command request: getEval[jQuery.wrapped("#typehere",_doc(),"triggerSyn","_type","javascript1mvc[left][left][left]\b",Selenium.resume), ] on session 797922f790bb46af80f54679bd6e4f11
21:03:38.419 INFO - Got result: OK,true on session 797922f790bb46af80f54679bd6e4f11
21:03:38.423 INFO - Command request: getEval[jQuery.wrapped("#seewhatyoutyped",_doc(),"text"), ] on session 797922f790bb46af80f54679bd6e4f11
21:03:38.466 INFO - Got result: OK,"typed javascriptmvc" on session 797922f790bb46af80f54679bd6e4f11
21:03:38.470 INFO - Command request: getEval[jQuery.wrapped("#copy",_doc(),"triggerSyn","_click",{},Selenium.resume), ] on session 797922f790bb46af80f54679bd6e4f11
21:03:38.527 INFO - Got result: OK,true on session 797922f790bb46af80f54679bd6e4f11
21:03:38.530 INFO - Command request: getEval[jQuery.wrapped("#seewhatyoutyped",_doc(),"text"), ] on session 797922f790bb46af80f54679bd6e4f11
21:03:38.552 INFO - Got result: OK,"copied javascriptmvc" on session 797922f790bb46af80f54679bd6e4f11
21:03:38.673 INFO - Command request: open[myapp.html, ] on session 797922f790bb46af80f54679bd6e4f11
21:03:38.792 INFO - Got result: OK on session 797922f790bb46af80f54679bd6e4f11
21:03:39.794 INFO - Command request: getEval[selenium.browserbot.getCurrentWindow().focus();selenium.browserbot.getCurrentWindow().document.documentElement.tabIndex = 0;, ] on session 797922f790bb46af80f54679bd6e4f11
21:03:39.831 INFO - Got result: OK,0 on session 797922f790bb46af80f54679bd6e4f11
21:03:39.864 INFO - Command request: getEval[jQuery.wrapped("#drag",_doc(),"triggerSyn","_drag",{"to":"#drop","from":"#drag"},Selenium.resume), ] on session 797922f790bb46af80f54679bd6e4f11
21:03:40.388 INFO - Got result: OK,true on session 797922f790bb46af80f54679bd6e4f11
21:03:40.391 INFO - Command request: getEval[jQuery.wrapped("#drop",_doc(),"text"), ] on session 797922f790bb46af80f54679bd6e4f11
21:03:40.432 INFO - Got result: OK,"Drags 1" on session 797922f790bb46af80f54679bd6e4f11
21:03:40.487 INFO - Command request: close[, ] on session 797922f790bb46af80f54679bd6e4f11
21:03:40.549 INFO - Got result: OK on session 797922f790bb46af80f54679bd6e4f11
21:03:40.568 INFO - Command request: testComplete[, ] on session 797922f790bb46af80f54679bd6e4f11
21:03:40.568 INFO - Killing Firefox...
21:03:40.620 INFO - Got result: OK on session 797922f790bb46af80f54679bd6e4f11
22:26:58.024 INFO - Shutting down...
